    1  git checkout -b BR_Q2
    2  git branch
    3  cd ~/PROJECT_COURSE_LINUX/LINUX_Course_Project
    4  git checkout -b BR_Q2
    5  git checkout BR_Q2
    6  cd
    7  cd ~/PROJECT_COURSE_LINUX/LINUX_Course_Project
    8  git checkout BR_Q2
    9  git rm --cached LINUX_Course_Project/BACKUPS/Diagrams_1/Rose_histogram.png
   10  git rm --cached LINUX_Course_Project/BACKUPS/Diagrams_1/Rose_line_plot.png
   11  git rm --cached LINUX_Course_Project/BACKUPS/Diagrams_1/Rose_scatter.png
   12  git rm --cached LINUX_Course_Project/BACKUPS/Diagrams_1/Rose_histogram.png
   13  git status
   14  git branch
   15  ls
   16  cd ./Work
   17  cd ./Q@
   18  cd ./Q2
   19  git checkout -b BR_Q2
   20  cp LINUX_Course_Project/CODE/plant.py LINUX_Course_Project/Work/Q2/
   21  mkdir -p ~/PROJECT_COURSE_LINUX/LINUX_Course_Project/Work/Q2
   22  cp ~/PROJECT_COURSE_LINUX/LINUX_Course_Project/CODE/plant.py ~/PROJECT_COURSE_LINUX/LINUX_Course_Project/Work/Q2/
   23  python3 ~/PROJECT_COURSE_LINUX/LINUX_Course_Project/Work/Q2/plant.py
   24  mkdir -p ~/PROJECT_COURSE_LINUX/LINUX_Course_Project/Work/Q2/Diagrams_1
   25  mkdir Diagrams_1
   26  mv Rose* Diagrams_1/
   27  mkdir -p ~/PROJECT_COURSE_LINUX/LINUX_Course_Project/Work/Q2/Diagrams_1
   28  mv ~/PROJECT_COURSE_LINUX/LINUX_Course_Project/Work/Q2/*.png ~/PROJECT_COURSE_LINUX/LINUX_Course_Project/Work/Q2/Diagrams_1/
   29  mv ~/PROJECT_COURSE_LINUX/LINUX_Course_Project/CODE/*.png ~/PROJECT_COURSE_LINUX/LINUX_Course_Project/Work/Q2/Diagrams_1/
   30  find ~/PROJECT_COURSE_LINUX/LINUX_Course_Project/ -type f -name "*.png"
   31  python3 ~/PROJECT_COURSE_LINUX/LINUX_Course_Project/Work/Q2/plant.py
   32  ls -l ~/PROJECT_COURSE_LINUX/LINUX_Course_Project/Work/Q2/
   33  mkdir -p ~/PROJECT_COURSE_LINUX/LINUX_Course_Project/Work/Q2/Diagrams_1
   34  mv ~/PROJECT_COURSE_LINUX/LINUX_Course_Project/Work/Q2/*.png ~/PROJECT_COURSE_LINUX/LINUX_Course_Project/Work/Q2/Diagrams_1/
   35  mkdir -p ~/PROJECT_COURSE_LINUX/LINUX_Course_Project/BACKUPS
   36  zip -r ~/PROJECT_COURSE_LINUX/LINUX_Course_Project/BACKUPS/Diagrams_1_$(date +"%Y%m%d_%H%M%S").zip ~/PROJECT_COURSE_LINUX/LINUX_Course_Project/Work/Q2/Diagrams_1/*.png
   37  mkdir -p ~/PROJECT_COURSE_LINUX/LINUX_Course_Project/BACKUPS
   38  for file in *.png; do zip ~/PROJECT_COURSE_LINUX/LINUX_Course_Project/BACKUPS/"${file%.png}_$(date +"%Y%m%d_%H%M%S").zip" "$file"; done
   39  cd ~/PROJECT_COURSE_LINUX/LINUX_Course_Project/Work/Q2/Diagrams_1
   40  for file in *.png; do zip ~/PROJECT_COURSE_LINUX/LINUX_Course_Project/BACKUPS/"${file%.png}_$(date +"%Y%m%d_%H%M%S").zip" "$file"; done
   41  cd ..
   42  mkdir BACKUPS
   43  tar -czvf "../../BACKUPS/diagrams_1_$(date +"%Y-%m-%d_%H-%M-%S").tar.gz" Diagrams_1/*.png
   44  ls -l ~/PROJECT_COURSE_LINUX/LINUX_Course_Project/Work/Q2/Diagrams_1/
   45  rm ~/PROJECT_COURSE_LINUX/LINUX_Course_Project/BACKUPS/diagrams_1_*.tar.gz
   46  tar -czvf ~/PROJECT_COURSE_LINUX/LINUX_Course_Project/BACKUPS/diagrams_1_$(date +"%Y-%m-%d_%H-%M-%S").tar.gz Diagrams_1/*.png
   47  ls -l ~/PROJECT_COURSE_LINUX/LINUX_Course_Project/BACKUPS/
   48  cd ..
   49  mkdir -p ~/PROJECT_COURSE_LINUX/LINUX_Course_Project/BACKUPS/Diagrams_1
   50  for file in *.png; do zip ~/PROJECT_COURSE_LINUX/LINUX_Course_Project/BACKUPS/Diagrams_1/"${file%.png}.zip" "$file"; done
   51  cd ~/PROJECT_COURSE_LINUX/LINUX_Course_Project/Work/Q2/Diagrams_1
   52  for file in *.png; do zip ~/PROJECT_COURSE_LINUX/LINUX_Course_Project/BACKUPS/Diagrams_1/"${file%.png}.zip" "$file"; done
   53  rm ~/PROJECT_COURSE_LINUX/LINUX_Course_Project/BACKUPS/Diagrams_1/*.zip
   54  cd ~/PROJECT_COURSE_LINUX/LINUX_Course_Project/Work/Q2/Diagrams_1
   55  for file in *.png; do zip ~/PROJECT_COURSE_LINUX/LINUX_Course_Project/BACKUPS/Diagrams_1/"${file%.png}_$(date +"%Y-%m-%d_%H-%M-%S").zip" "$file"; done
   56  cd ~/PROJECT_COURSE_LINUX/LINUX_Course_Project
   57  git add BACKUPS/Diagrams_1/*.zip
   58  git add Work/Q2/
   59  git status
   60  git commit -m "Added diagrams zip files to BACKUPS and completed Q2 tasks"
   61  git push origin BR_Q2
   62  git checkout main
   63  git merge BR_Q2
   64  git push origin main
   65  touch ~/PROJECT_COURSE_LINUX/LINUX_Course_Project/Work/Q2/plant_plots.py
   66  nano ~/PROJECT_COURSE_LINUX/LINUX_Course_Project/Work/Q2/plant_plots.py
   67  cd Work/Q2
   68  cp plant.py plant_extra.py
   69  source venv/bin/activate
   70  python3 -m venv ~/PROJECT_COURSE_LINUX/LINUX_Course_Project/Work/Q2/venv
   71  sudo apt update && sudo apt install -y python3-venv
   72  python3 -m venv ~/PROJECT_COURSE_LINUX/LINUX_Course_Project/Work/Q2/venv
   73  pip install -r ~/PROJECT_COURSE_LINUX/LINUX_Course_Project/Work/Q2/requirements.txt
   74  python3 -m venv ~/PROJECT_COURSE_LINUX/LINUX_Course_Project/Work/Q2/venv
   75  source venv/bin/activate
   76  python plant_extra.py --plant "Rose" --height 50 55 60 65 70 --leaf_count 35 40 45 50 55 --dry_weight 2.0 2.0 2.1 2.1 3.0
   77  pip install -r ~/PROJECT_COURSE_LINUX/LINUX_Course_Project/Work/Q2/requirements.txt
   78  echo -e "matplotlib\nnumpy\npandas" > ~/PROJECT_COURSE_LINUX/LINUX_Course_Project/Work/Q2/requirements.txt
   79  cat ~/PROJECT_COURSE_LINUX/LINUX_Course_Project/Work/Q2/requirements.txt
   80  pip install -r ~/PROJECT_COURSE_LINUX/LINUX_Course_Project/Work/Q2/requirements.txt
   81  python ~/PROJECT_COURSE_LINUX/LINUX_Course_Project/Work/Q2/plant_extra.py --plant "Rose" --height 50 55 60 65 70 --leaf_count 35 40 45 50 55 --dry_weight 2.0 2.0 2.1 2.1 3.0
   82  mkdir -p ~/PROJECT_COURSE_LINUX/LINUX_Course_Project/Work/Q2/2_Diagrams
   83  mv ~/PROJECT_COURSE_LINUX/LINUX_Course_Project/Work/Q2/*.png ~/PROJECT_COURSE_LINUX/LINUX_Course_Project/Work/Q2/2_Diagrams/
   84  ls -l ~/PROJECT_COURSE_LINUX/LINUX_Course_Project/Work/Q2/2_Diagrams/
   85  cd ~/PROJECT_COURSE_LINUX/LINUX_Course_Project/Work/Q2
   86  tar -czvf ~/PROJECT_COURSE_LINUX/LINUX_Course_Project/BACKUPS/diagrams_2_$(date +"%Y-%m-%d_%H-%M-%S").tar.gz 2_Diagrams/*.png
   87  rm ~/PROJECT_COURSE_LINUX/LINUX_Course_Project/BACKUPS/diagrams_2_*.tar.gz
   88  cd ~/PROJECT_COURSE_LINUX/LINUX_Course_Project/Work/Q2
   89  tar -czvf ~/PROJECT_COURSE_LINUX/LINUX_Course_Project/BACKUPS/diagrams_2_$(date +"%Y-%m-%d_%H-%M-%S").tar.gz 2_Diagrams/*.png
   90  cd .
   91  cd ..
   92  tar -czvf ~/PROJECT_COURSE_LINUX/LINUX_Course_Project/BACKUPS/diagrams_2_$(date +"%Y-%m-%d_%H-%M-%S").tar.gz 2_Diagrams/*.png
   93  mkdir -p ~/PROJECT_COURSE_LINUX/LINUX_Course_Project/BACKUPS/2_Diagrams
   94  cd ~/PROJECT_COURSE_LINUX/LINUX_Course_Project/Work/Q2/2_Diagrams
   95  for file in *.png; do     zip ~/PROJECT_COURSE_LINUX/LINUX_Course_Project/BACKUPS/2_Diagrams/"${file%.png}_$(date +"%Y-%m-%d_%H-%M-%S").zip" "$file"; done
   96  ls -l ~/PROJECT_COURSE_LINUX/LINUX_Course_Project/BACKUPS/2_Diagrams/
   97  history > ~/PROJECT_COURSE_LINUX/LINUX_Course_Project/Work/Q2/q2_commands.log
   98  ls -l ~/PROJECT_COURSE_LINUX/LINUX_Course_Project/Work/Q2/
   99  cd ..
  100  history >> history.log
